<?xml version="1.0" encoding="UTF-8"?>
<!-- Generated by org.testng.reporters.JUnitXMLReporter -->
<testsuite hostname="Parmeshwar" name="TC_LocalHost_Details_Page_test" tests="2" failures="0" timestamp="12 Jul 2018 07:33:40 GMT" time="5.899" errors="0">
  <testcase name="setup" time="0.001" classname="com.Airpay.Tests.TC_LocalHost_Details_Page_test"/>
  <testcase name="TC_TestCaseName" time="1.699" classname="com.Airpay.Tests.TC_LocalHost_Details_Page_test"/>
</testsuite> <!-- TC_LocalHost_Details_Page_test -->
