<?xml version="1.0" encoding="UTF-8"?>
<!-- Generated by org.testng.reporters.JUnitXMLReporter -->
<testsuite hostname="Parmeshwar" name="TC_LocalHost_Details_Page_test2" tests="2" failures="0" timestamp="15 Jul 2018 07:25:57 GMT" time="9.097" errors="0">
  <testcase name="setup" time="0.0" classname="com.Airpay.Tests.TC_LocalHost_Details_Page_test"/>
  <testcase name="TC_TestCaseName" time="3.239" classname="com.Airpay.Tests.TC_LocalHost_Details_Page_test"/>
</testsuite> <!-- TC_LocalHost_Details_Page_test2 -->
