<?xml version="1.0" encoding="UTF-8"?>
<!-- Generated by org.testng.reporters.JUnitXMLReporter -->
<testsuite hostname="Parmeshwar" name="TC_LocalHost_Details_Page_test4" tests="2" failures="0" timestamp="13 Jul 2018 08:07:41 GMT" time="6.431" errors="0">
  <testcase name="setup" time="0.0" classname="com.Airpay.Tests.TC_LocalHost_Details_Page_test"/>
  <testcase name="TC_TestCaseName" time="4.013" classname="com.Airpay.Tests.TC_LocalHost_Details_Page_test"/>
</testsuite> <!-- TC_LocalHost_Details_Page_test4 -->
