<?xml version="1.0" encoding="UTF-8"?>
<!-- Generated by org.testng.reporters.JUnitXMLReporter -->
<testsuite hostname="ShraddhaK-QA" name="TC_LocalHost_Details_Page_test1" tests="2" failures="0" timestamp="17 Jul 2018 14:45:04 GMT" time="11.588" errors="0">
  <testcase name="setup" time="0.007" classname="com.Airpay.Tests.TC_LocalHost_Details_Page_test"/>
  <testcase name="TC_TestCaseName" time="5.46" classname="com.Airpay.Tests.TC_LocalHost_Details_Page_test"/>
</testsuite> <!-- TC_LocalHost_Details_Page_test1 -->
