<?xml version="1.0" encoding="UTF-8"?>
<testng-results skipped="0" failed="0" total="1" passed="1">
  <reporter-output>
  </reporter-output>
  <suite name="Main Test Suite" duration-ms="82107" started-at="2018-08-09T04:57:59Z" finished-at="2018-08-09T04:59:22Z">
    <groups>
    </groups>
    <test name="TestNG Test Group1" duration-ms="82107" started-at="2018-08-09T04:57:59Z" finished-at="2018-08-09T04:59:22Z">
      <class name="com.Airpay.Utilities.Create_TestNGXML">
        <test-method status="PASS" signature="createXMLfile()[pri:0, instance:com.Airpay.Utilities.Create_TestNGXML@1e88b3c]" name="createXMLfile" duration-ms="82075" started-at="2018-08-09T10:27:59Z" finished-at="2018-08-09T10:29:22Z">
          <reporter-output>
          </reporter-output>
        </test-method> <!-- createXMLfile -->
      </class> <!-- com.Airpay.Utilities.Create_TestNGXML -->
    </test> <!-- TestNG Test Group1 -->
  </suite> <!-- Main Test Suite -->
</testng-results>
