<?xml version="1.0" encoding="UTF-8"?>
<!-- Generated by org.testng.reporters.JUnitXMLReporter -->
<testsuite hostname="DESKTOP-89S47KR" name="TC_LocalHost_EmailErrorVerification" tests="2" failures="0" timestamp="24 Jul 2018 05:06:10 GMT" time="18.47" errors="0">
  <testcase name="setup" time="0.014" classname="com.Airpay.Tests.TC_LocalHost_EmailErrorVerification"/>
  <testcase name="TC_TestCaseName" time="12.995" classname="com.Airpay.Tests.TC_LocalHost_EmailErrorVerification"/>
</testsuite> <!-- TC_LocalHost_EmailErrorVerification -->
