<?xml version="1.0" encoding="UTF-8"?>
<!-- Generated by org.testng.reporters.JUnitXMLReporter -->
<testsuite hostname="DESKTOP-89S47KR" name="TC_LocalHost_Details_Page_test1" tests="2" failures="0" timestamp="1 Aug 2018 10:58:48 GMT" time="96.388" errors="0">
  <testcase name="setup" time="0.002" classname="com.Airpay.Tests.TC_LocalHost_Details_Page_test"/>
  <testcase name="TC_TestCaseName" time="83.172" classname="com.Airpay.Tests.TC_LocalHost_Details_Page_test"/>
</testsuite> <!-- TC_LocalHost_Details_Page_test1 -->
