<?xml version="1.0" encoding="UTF-8"?>
<!-- Generated by org.testng.reporters.JUnitXMLReporter -->
<testsuite hostname="DESKTOP-89S47KR" name="TC_LocalHost_EmailErrorVerificationaa" tests="2" failures="0" timestamp="23 Jul 2018 13:03:55 GMT" time="17.633" errors="0">
  <testcase name="setup" time="0.001" classname="com.Airpay.Tests.TC_LocalHost_EmailErrorVerification"/>
  <testcase name="TC_TestCaseName" time="12.549" classname="com.Airpay.Tests.TC_LocalHost_EmailErrorVerification"/>
</testsuite> <!-- TC_LocalHost_EmailErrorVerificationaa -->
