<?xml version="1.0" encoding="UTF-8"?>
<!-- Generated by org.testng.reporters.JUnitXMLReporter -->
<testsuite hostname="ShraddhaK-QA" name="TC_LocalHost_Details_Page_test2" tests="2" failures="0" timestamp="18 Jul 2018 13:00:26 GMT" time="21.244" errors="0">
  <testcase name="setup" time="0.001" classname="com.Airpay.Tests.TC_LocalHost_Details_Page_test"/>
  <testcase name="TC_TestCaseName" time="14.764" classname="com.Airpay.Tests.TC_LocalHost_Details_Page_test"/>
</testsuite> <!-- TC_LocalHost_Details_Page_test2 -->
