<?xml version="1.0" encoding="UTF-8"?>
<!-- Generated by org.testng.reporters.JUnitXMLReporter -->
<testsuite hostname="Parmeshwar-QA" name="TC_PP_17_Credit_Card_MasterCard" tests="2" failures="0" timestamp="7 Aug 2018 06:58:32 GMT" time="35.274" errors="0">
  <testcase name="setup" time="0.0" classname="com.Airpay.Tests.TC_PP_17_Credit_Card"/>
  <testcase name="TC_TestCaseName" time="23.449" classname="com.Airpay.Tests.TC_PP_17_Credit_Card"/>
</testsuite> <!-- TC_PP_17_Credit_Card_MasterCard -->
