<?xml version="1.0" encoding="UTF-8"?>
<!-- Generated by org.testng.reporters.JUnitXMLReporter -->
<testsuite hostname="Parmeshwar-QA" name="TC_PP_Debit_Card_logo_Appearance" tests="2" failures="0" timestamp="6 Aug 2018 09:01:37 GMT" time="25.947" errors="0">
  <testcase name="setup" time="0.002" classname="com.Airpay.Tests.TC_PP_Debit_Card_logo_Appearance"/>
  <testcase name="TC_TestCaseName" time="14.096" classname="com.Airpay.Tests.TC_PP_Debit_Card_logo_Appearance"/>
</testsuite> <!-- TC_PP_Debit_Card_logo_Appearance -->
