<?xml version="1.0" encoding="UTF-8"?>
<!-- Generated by org.testng.reporters.JUnitXMLReporter -->
<testsuite hostname="Parmeshwar-QA" name="TC_PP_RTGS_And_NEFT_SuccessTransaction" tests="2" failures="0" timestamp="6 Aug 2018 05:52:15 GMT" time="34.758" errors="0">
  <testcase name="setup" time="0.007" classname="com.Airpay.Tests.TC_PP_RTGS_And_NEFT_SuccessTransaction"/>
  <testcase name="TC_TestCaseName" time="24.98" classname="com.Airpay.Tests.TC_PP_RTGS_And_NEFT_SuccessTransaction"/>
</testsuite> <!-- TC_PP_RTGS_And_NEFT_SuccessTransaction -->
